-- The C compiler identification is GNU 11.4.0
-- The CXX compiler identification is GNU 11.4.0
-- Detecting C compiler ABI info
-- Detecting C compiler ABI info - done
-- Check for working C compiler: /usr/bin/cc - skipped
-- Detecting C compile features
-- Detecting C compile features - done
-- Detecting CXX compiler ABI info
-- Detecting CXX compiler ABI info - done
-- Check for working CXX compiler: /usr/bin/c++ - skipped
-- Detecting CXX compile features
-- Detecting CXX compile features - done
-- Found nlohmann_json: /usr/lib/cmake/nlohmann_json/nlohmann_jsonConfig.cmake (found version "3.10.5") 
-- Configuring done
-- Generating done
-- Build files have been written to: /home/cong/CS-Y2398/UAV/pathPlanningAlgorithm/build/pathPlanningAlgorithm
[ 22%] [32mBuilding CXX object CMakeFiles/math_util.dir/math_util/polygon2d.cpp.o[0m
[ 22%] [32mBuilding CXX object CMakeFiles/math_util.dir/math_util/linear_interpolation.cpp.o[0m
[ 33%] [32mBuilding CXX object CMakeFiles/math_util.dir/math_util/box2d.cpp.o[0m
[ 44%] [32mBuilding CXX object CMakeFiles/math_util.dir/math_util/math_utils.cpp.o[0m
[ 55%] [32m[1mLinking CXX static library libmath_util.a[0m
[ 55%] Built target math_util
[ 66%] [32mBuilding CXX object CMakeFiles/algo.dir/uavPathPlanning.cpp.o[0m
[ 77%] [32m[1mLinking CXX static library libalgo.a[0m
[ 77%] Built target algo
[ 88%] [32mBuilding CXX object CMakeFiles/uavPathPlanningTest.dir/uavPathPlanningTest.cpp.o[0m
